<?xml version="1.0" encoding="UTF-8"?>
<!-- Generated by org.testng.reporters.JUnitReportReporter -->
<testsuite hostname="MOUNIKA" failures="0" tests="2" name="Testng.Example" time="0.013" errors="0" timestamp="2021-04-06T21:03:34 IST" skipped="0">
  <testcase classname="Testng.Example" name="addemp" time="0.005"/>
  <system-out>
added successfull  </system-out>
  <testcase classname="Testng.Example" name="delemp" time="0.008"/>
  <system-out>
deleted   </system-out>
</testsuite> <!-- Testng.Example -->
