<?xml version="1.0" encoding="UTF-8"?>
<!-- Generated by org.testng.reporters.JUnitReportReporter -->
<testsuite hostname="MOUNIKA" failures="0" tests="1" name="test2.Extestng2" time="15.744" errors="0" timestamp="2021-06-03T20:30:49 IST" skipped="0">
  <testcase classname="test2.Extestng2" name="Tc1" time="15.744"/>
  <system-out/>
</testsuite> <!-- test2.Extestng2 -->
