<?xml version="1.0" encoding="UTF-8"?>
<!-- Generated by org.testng.reporters.JUnitReportReporter -->
<testsuite hostname="MOUNIKA" failures="0" tests="1" name="programs.Dropdown" time="28.783" errors="0" timestamp="2021-06-03T20:34:45 IST" skipped="0">
  <testcase classname="programs.Dropdown" name="testcase1" time="28.783"/>
  <system-out/>
</testsuite> <!-- programs.Dropdown -->
