<?xml version="1.0" encoding="UTF-8"?>
<!-- Generated by org.testng.reporters.JUnitReportReporter -->
<testsuite hostname="MOUNIKA" failures="0" tests="2" name="programs.testng" time="17.408" errors="0" timestamp="2021-06-04T09:27:01 IST" skipped="0">
  <testcase classname="programs.testng" name="dropdown" time="13.445"/>
  <system-out/>
  <testcase classname="programs.testng" name="tc1" time="3.963"/>
  <system-out/>
</testsuite> <!-- programs.testng -->
